<?xml version="1.0" encoding="UTF-8"?>
<!-- Generated by org.testng.reporters.JUnitXMLReporter -->
<testsuite ignored="0" hostname="DESKTOP-VJLFJO4" failures="0" tests="4" name="TestUser" time="4.302" errors="0" timestamp="20 Sep 2024 15:10:14 GMT">
  <testcase classname="api.test.UserTests" name="testCreateUser" time="2.3"/>
  <testcase classname="api.test.UserTests" name="testGetUserByName" time="0.334"/>
  <testcase classname="api.test.UserTests" name="testUpdateUserByName" time="0.257"/>
  <testcase classname="api.test.UserTests" name="testDeleteUserByName" time="0.296"/>
</testsuite> <!-- TestUser -->
