<?xml version="1.0" encoding="UTF-8"?>
<!-- Generated by org.testng.reporters.JUnitXMLReporter -->
<testsuite ignored="0" hostname="DESKTOP-VJLFJO4" failures="0" tests="4" name="TestUser" time="4.407" errors="0" timestamp="19 Sep 2024 21:06:31 GMT">
  <testcase classname="api.test.UserTests" name="testCreateUser" time="2.383"/>
  <testcase classname="api.test.UserTests" name="testGetUserByName" time="0.301"/>
  <testcase classname="api.test.UserTests" name="testUpdateUserByName" time="0.284"/>
  <testcase classname="api.test.UserTests" name="testDeleteUserByName" time="0.275"/>
</testsuite> <!-- TestUser -->
