<?xml version="1.0" encoding="UTF-8"?>
<!-- Generated by org.testng.reporters.JUnitXMLReporter -->
<testsuite ignored="0" hostname="DESKTOP-VJLFJO4" failures="0" tests="4" name="Default test" time="4.274" errors="0" timestamp="2024-09-18T17:35:20 EDT">
  <testcase classname="api.test.UserTests" name="testCreateUser" time="2.361"/>
  <testcase classname="api.test.UserTests" name="testGetUserByName" time="0.303"/>
  <testcase classname="api.test.UserTests" name="testUpdateUserByName" time="0.256"/>
  <testcase classname="api.test.UserTests" name="testDeleteUserByName" time="0.255"/>
</testsuite> <!-- Default test -->
