<?xml version="1.0" encoding="UTF-8"?>
<!-- Generated by org.testng.reporters.JUnitXMLReporter -->
<testsuite ignored="0" hostname="DESKTOP-VJLFJO4" failures="0" tests="5" name="Default test" time="4.397" errors="0" timestamp="2024-09-19T13:42:50 EDT">
  <testcase classname="httpmethods.HTTPRequests" name="getUsers" time="2.628"/>
  <testcase classname="httpmethods.HTTPRequests" name="createOrphanUser" time="0.65"/>
  <testcase classname="httpmethods.HTTPRequests" name="createAdoptedUser" time="0.397"/>
  <testcase classname="httpmethods.HTTPRequests" name="updateAdoptedUser" time="0.32"/>
  <testcase classname="httpmethods.HTTPRequests" name="deleteAdoptedUser" time="0.324"/>
</testsuite> <!-- Default test -->
