<?xml version="1.0" encoding="UTF-8"?>
<!-- Generated by org.testng.reporters.JUnitXMLReporter -->
<testsuite ignored="0" hostname="DESKTOP-VJLFJO4" failures="0" tests="5" name="Test" time="9.385" errors="0" timestamp="19 Sep 2024 19:56:51 GMT">
  <testcase classname="httpmethods.HTTPRequests" name="getUsers" time="6.893"/>
  <testcase classname="httpmethods.HTTPRequests" name="createOrphanUser" time="1.35"/>
  <testcase classname="httpmethods.HTTPRequests" name="createAdoptedUser" time="0.382"/>
  <testcase classname="httpmethods.HTTPRequests" name="updateAdoptedUser" time="0.33"/>
  <testcase classname="httpmethods.HTTPRequests" name="deleteAdoptedUser" time="0.357"/>
</testsuite> <!-- Test -->
