<?xml version="1.0" encoding="UTF-8"?>
<!-- Generated by org.testng.reporters.JUnitXMLReporter -->
<testsuite ignored="0" hostname="DESKTOP-VJLFJO4" failures="0" tests="5" name="Test" time="4.425" errors="0" timestamp="2024-09-19T15:50:55 EDT">
  <testcase classname="httpmethods.HTTPRequests" name="getUsers" time="2.65"/>
  <testcase classname="httpmethods.HTTPRequests" name="createOrphanUser" time="0.7"/>
  <testcase classname="httpmethods.HTTPRequests" name="createAdoptedUser" time="0.369"/>
  <testcase classname="httpmethods.HTTPRequests" name="updateAdoptedUser" time="0.332"/>
  <testcase classname="httpmethods.HTTPRequests" name="deleteAdoptedUser" time="0.314"/>
</testsuite> <!-- Test -->
