<?xml version="1.0" encoding="UTF-8"?>
<testng-results ignored="0" total="4" passed="4" failed="0" skipped="0">
  <reporter-output>
  </reporter-output>
  <suite started-at="2024-09-17T21:48:34 EDT" name="PetStore" finished-at="2024-09-17T21:48:39 EDT" duration-ms="4546">
    <groups>
    </groups>
    <test started-at="2024-09-17T21:48:34 EDT" name="TestUser" finished-at="2024-09-17T21:48:39 EDT" duration-ms="4546">
      <class name="api.test.UserTests">
        <test-method is-config="true" signature="setup()[pri:0, instance:api.test.UserTests@17fc391b]" started-at="2024-09-17T21:48:35 EDT" name="setup" finished-at="2024-09-17T21:48:36 EDT" duration-ms="888" status="PASS">
          <reporter-output>
          </reporter-output>
        </test-method> <!-- setup -->
        <test-method signature="testCreateUser()[pri:1, instance:api.test.UserTests@17fc391b]" started-at="2024-09-17T21:48:36 EDT" name="testCreateUser" finished-at="2024-09-17T21:48:38 EDT" duration-ms="2445" status="PASS">
          <reporter-output>
          </reporter-output>
        </test-method> <!-- testCreateUser -->
        <test-method signature="testGetUserByName()[pri:2, instance:api.test.UserTests@17fc391b]" started-at="2024-09-17T21:48:38 EDT" name="testGetUserByName" finished-at="2024-09-17T21:48:38 EDT" duration-ms="281" status="PASS">
          <reporter-output>
          </reporter-output>
        </test-method> <!-- testGetUserByName -->
        <test-method signature="testUpdateUserByName()[pri:3, instance:api.test.UserTests@17fc391b]" started-at="2024-09-17T21:48:38 EDT" name="testUpdateUserByName" finished-at="2024-09-17T21:48:39 EDT" duration-ms="282" status="PASS">
          <reporter-output>
          </reporter-output>
        </test-method> <!-- testUpdateUserByName -->
        <test-method signature="testDeleteUserByName()[pri:4, instance:api.test.UserTests@17fc391b]" started-at="2024-09-17T21:48:39 EDT" name="testDeleteUserByName" finished-at="2024-09-17T21:48:39 EDT" duration-ms="277" status="PASS">
          <reporter-output>
          </reporter-output>
        </test-method> <!-- testDeleteUserByName -->
      </class> <!-- api.test.UserTests -->
    </test> <!-- TestUser -->
  </suite> <!-- PetStore -->
</testng-results>
