<?xml version="1.0" encoding="UTF-8"?>
<testng-results ignored="0" total="5" passed="5" failed="0" skipped="0">
  <reporter-output>
  </reporter-output>
  <suite started-at="2024-09-19T19:56:41Z" name="Suite" finished-at="2024-09-19T19:56:51Z" duration-ms="9385">
    <groups>
    </groups>
    <test started-at="2024-09-19T19:56:41Z" name="Test" finished-at="2024-09-19T19:56:51Z" duration-ms="9385">
      <class name="httpmethods.HTTPRequests">
        <test-method signature="getUsers()[pri:0, instance:httpmethods.HTTPRequests@68702e03]" started-at="2024-09-19T15:56:41Z" name="getUsers" finished-at="2024-09-19T15:56:48Z" duration-ms="6893" status="PASS">
          <reporter-output>
          </reporter-output>
        </test-method> <!-- getUsers -->
        <test-method signature="createOrphanUser()[pri:1, instance:httpmethods.HTTPRequests@68702e03]" started-at="2024-09-19T15:56:48Z" name="createOrphanUser" finished-at="2024-09-19T15:56:50Z" duration-ms="1350" status="PASS">
          <reporter-output>
          </reporter-output>
        </test-method> <!-- createOrphanUser -->
        <test-method signature="createAdoptedUser()[pri:2, instance:httpmethods.HTTPRequests@68702e03]" started-at="2024-09-19T15:56:50Z" name="createAdoptedUser" finished-at="2024-09-19T15:56:50Z" duration-ms="382" status="PASS">
          <reporter-output>
          </reporter-output>
        </test-method> <!-- createAdoptedUser -->
        <test-method signature="updateAdoptedUser()[pri:3, instance:httpmethods.HTTPRequests@68702e03]" started-at="2024-09-19T15:56:50Z" name="updateAdoptedUser" finished-at="2024-09-19T15:56:50Z" depends-on-methods="httpmethods.HTTPRequests.createAdoptedUser" duration-ms="330" status="PASS">
          <reporter-output>
          </reporter-output>
        </test-method> <!-- updateAdoptedUser -->
        <test-method signature="deleteAdoptedUser()[pri:4, instance:httpmethods.HTTPRequests@68702e03]" started-at="2024-09-19T15:56:50Z" name="deleteAdoptedUser" finished-at="2024-09-19T15:56:51Z" depends-on-methods="httpmethods.HTTPRequests.updateAdoptedUser" duration-ms="357" status="PASS">
          <reporter-output>
          </reporter-output>
        </test-method> <!-- deleteAdoptedUser -->
      </class> <!-- httpmethods.HTTPRequests -->
    </test> <!-- Test -->
  </suite> <!-- Suite -->
</testng-results>
